
##############################################

      Principal: 117600.00
           Term: 360 months
    Annual Rate: 6.375%
  Periodic Rate: 0.0053125

Monthly Payment:   733.67

Month     Interest   Principal       Balance
    1      624.75      108.92       117491.08
    2      624.17      109.50       117381.58
    3      623.59      110.08       117271.50
    4      623.00      110.67       117160.83
    5      622.42      111.25       117049.58
    6      621.83      111.85       116937.73
    7      621.23      112.44       116825.29
    8      620.63      113.04       116712.26
    9      620.03      113.64       116598.62
   10      619.43      114.24       116484.38
   11      618.82      114.85       116369.53
   12      618.21      115.46       116254.07
   13      617.60      116.07       116138.00
   14      616.98      116.69       116021.31
   15      616.36      117.31       115904.01
   16      615.74      117.93       115786.08
   17      615.11      118.56       115667.52
   18      614.48      119.19       115548.33
   19      613.85      119.82       115428.51
   20      613.21      120.46       115308.05
   21      612.57      121.10       115186.96
   22      611.93      121.74       115065.22
   23      611.28      122.39       114942.83
   24      610.63      123.04       114819.79
   25      609.98      123.69       114696.10
   26      609.32      124.35       114571.75
   27      608.66      125.01       114446.74
   28      608.00      125.67       114321.07
   29      607.33      126.34       114194.73
   30      606.66      127.01       114067.72
   31      605.98      127.69       113940.03
   32      605.31      128.36       113811.67
   33      604.62      129.05       113682.62
   34      603.94      129.73       113552.89
   35      603.25      130.42       113422.47
   36      602.56      131.11       113291.35
   37      601.86      131.81       113159.54
   38      601.16      132.51       113027.03
   39      600.46      133.21       112893.82
   40      599.75      133.92       112759.90
   41      599.04      134.63       112625.26
   42      598.32      135.35       112489.91
   43      597.60      136.07       112353.84
   44      596.88      136.79       112217.05
   45      596.15      137.52       112079.53
   46      595.42      138.25       111941.29
   47      594.69      138.98       111802.30
   48      593.95      139.72       111662.58
   49      593.21      140.46       111522.12
   50      592.46      141.21       111380.91
   51      591.71      141.96       111238.95
   52      590.96      142.71       111096.23
   53      590.20      143.47       110952.76
   54      589.44      144.23       110808.53
   55      588.67      145.00       110663.53
   56      587.90      145.77       110517.76
   57      587.13      146.55       110371.21
   58      586.35      147.32       110223.89
   59      585.56      148.11       110075.78
   60      584.78      148.89       109926.89
   61      583.99      149.68       109777.20
   62      583.19      150.48       109626.72
   63      582.39      151.28       109475.44
   64      581.59      152.08       109323.36
   65      580.78      152.89       109170.47
   66      579.97      153.70       109016.77
   67      579.15      154.52       108862.25
   68      578.33      155.34       108706.91
   69      577.51      156.17       108550.74
   70      576.68      157.00       108393.75
   71      575.84      157.83       108235.92
   72      575.00      158.67       108077.25
   73      574.16      159.51       107917.74
   74      573.31      160.36       107757.38
   75      572.46      161.21       107596.17
   76      571.60      162.07       107434.11
   77      570.74      162.93       107271.18
   78      569.88      163.79       107107.39
   79      569.01      164.66       106942.72
   80      568.13      165.54       106777.18
   81      567.25      166.42       106610.77
   82      566.37      167.30       106443.47
   83      565.48      168.19       106275.28
   84      564.59      169.08       106106.19
   85      563.69      169.98       105936.21
   86      562.79      170.88       105765.33
   87      561.88      171.79       105593.53
   88      560.97      172.71       105420.83
   89      560.05      173.62       105247.20
   90      559.13      174.55       105072.66
   91      558.20      175.47       104897.19
   92      557.27      176.40       104720.78
   93      556.33      177.34       104543.44
   94      555.39      178.28       104365.16
   95      554.44      179.23       104185.93
   96      553.49      180.18       104005.74
   97      552.53      181.14       103824.60
   98      551.57      182.10       103642.50
   99      550.60      183.07       103459.43
  100      549.63      184.04       103275.39
  101      548.65      185.02       103090.37
  102      547.67      186.00       102904.36
  103      546.68      186.99       102717.37
  104      545.69      187.98       102529.39
  105      544.69      188.98       102340.40
  106      543.68      189.99       102150.41
  107      542.67      191.00       101959.42
  108      541.66      192.01       101767.41
  109      540.64      193.03       101574.37
  110      539.61      194.06       101380.32
  111      538.58      195.09       101185.23
  112      537.55      196.12       100989.10
  113      536.50      197.17       100791.94
  114      535.46      198.21       100593.72
  115      534.40      199.27       100394.46
  116      533.35      200.33       100194.13
  117      532.28      201.39        99992.74
  118      531.21      202.46        99790.28
  119      530.14      203.54        99586.75
  120      529.05      204.62        99382.13
  121      527.97      205.70        99176.43
  122      526.87      206.80        98969.63
  123      525.78      207.89        98761.74
  124      524.67      209.00        98552.74
  125      523.56      210.11        98342.63
  126      522.45      211.23        98131.40
  127      521.32      212.35        97919.05
  128      520.19      213.48        97705.58
  129      519.06      214.61        97490.97
  130      517.92      215.75        97275.22
  131      516.77      216.90        97058.32
  132      515.62      218.05        96840.27
  133      514.46      219.21        96621.07
  134      513.30      220.37        96400.69
  135      512.13      221.54        96179.15
  136      510.95      222.72        95956.43
  137      509.77      223.90        95732.53
  138      508.58      225.09        95507.44
  139      507.38      226.29        95281.15
  140      506.18      227.49        95053.66
  141      504.97      228.70        94824.96
  142      503.76      229.91        94595.05
  143      502.54      231.13        94363.91
  144      501.31      232.36        94131.55
  145      500.07      233.60        93897.95
  146      498.83      234.84        93663.12
  147      497.59      236.09        93427.03
  148      496.33      237.34        93189.69
  149      495.07      238.60        92951.09
  150      493.80      239.87        92711.22
  151      492.53      241.14        92470.08
  152      491.25      242.42        92227.65
  153      489.96      243.71        91983.94
  154      488.66      245.01        91738.94
  155      487.36      246.31        91492.63
  156      486.05      247.62        91245.01
  157      484.74      248.93        90996.08
  158      483.42      250.25        90745.83
  159      482.09      251.58        90494.24
  160      480.75      252.92        90241.32
  161      479.41      254.26        89987.06
  162      478.06      255.61        89731.44
  163      476.70      256.97        89474.47
  164      475.33      258.34        89216.13
  165      473.96      259.71        88956.42
  166      472.58      261.09        88695.33
  167      471.19      262.48        88432.86
  168      469.80      263.87        88168.98
  169      468.40      265.27        87903.71
  170      466.99      266.68        87637.03
  171      465.57      268.10        87368.93
  172      464.15      269.52        87099.41
  173      462.72      270.96        86828.45
  174      461.28      272.39        86556.05
  175      459.83      273.84        86282.21
  176      458.37      275.30        86006.92
  177      456.91      276.76        85730.16
  178      455.44      278.23        85451.93
  179      453.96      279.71        85172.22
  180      452.48      281.19        84891.03
  181      450.98      282.69        84608.34
  182      449.48      284.19        84324.15
  183      447.97      285.70        84038.45
  184      446.45      287.22        83751.23
  185      444.93      288.74        83462.49
  186      443.39      290.28        83172.21
  187      441.85      291.82        82880.40
  188      440.30      293.37        82587.03
  189      438.74      294.93        82292.10
  190      437.18      296.49        81995.61
  191      435.60      298.07        81697.54
  192      434.02      299.65        81397.88
  193      432.43      301.24        81096.64
  194      430.83      302.85        80793.79
  195      429.22      304.45        80489.34
  196      427.60      306.07        80183.27
  197      425.97      307.70        79875.57
  198      424.34      309.33        79566.24
  199      422.70      310.98        79255.26
  200      421.04      312.63        78942.64
  201      419.38      314.29        78628.35
  202      417.71      315.96        78312.39
  203      416.03      317.64        77994.75
  204      414.35      319.32        77675.43
  205      412.65      321.02        77354.41
  206      410.95      322.73        77031.68
  207      409.23      324.44        76707.24
  208      407.51      326.16        76381.08
  209      405.77      327.90        76053.18
  210      404.03      329.64        75723.54
  211      402.28      331.39        75392.16
  212      400.52      333.15        75059.00
  213      398.75      334.92        74724.08
  214      396.97      336.70        74387.39
  215      395.18      338.49        74048.90
  216      393.38      340.29        73708.61
  217      391.58      342.09        73366.52
  218      389.76      343.91        73022.61
  219      387.93      345.74        72676.87
  220      386.10      347.58        72329.29
  221      384.25      349.42        71979.87
  222      382.39      351.28        71628.59
  223      380.53      353.14        71275.45
  224      378.65      355.02        70920.43
  225      376.76      356.91        70563.52
  226      374.87      358.80        70204.72
  227      372.96      360.71        69844.01
  228      371.05      362.62        69481.39
  229      369.12      364.55        69116.84
  230      367.18      366.49        68750.35
  231      365.24      368.43        68381.91
  232      363.28      370.39        68011.52
  233      361.31      372.36        67639.16
  234      359.33      374.34        67264.82
  235      357.34      376.33        66888.50
  236      355.35      378.33        66510.17
  237      353.34      380.34        66129.84
  238      351.31      382.36        65747.48
  239      349.28      384.39        65363.09
  240      347.24      386.43        64976.66
  241      345.19      388.48        64588.18
  242      343.12      390.55        64197.63
  243      341.05      392.62        63805.01
  244      338.96      394.71        63410.31
  245      336.87      396.80        63013.50
  246      334.76      398.91        62614.59
  247      332.64      401.03        62213.56
  248      330.51      403.16        61810.40
  249      328.37      405.30        61405.09
  250      326.21      407.46        60997.64
  251      324.05      409.62        60588.02
  252      321.87      411.80        60176.22
  253      319.69      413.98        59762.23
  254      317.49      416.18        59346.05
  255      315.28      418.40        58927.66
  256      313.05      420.62        58507.04
  257      310.82      422.85        58084.18
  258      308.57      425.10        57659.09
  259      306.31      427.36        57231.73
  260      304.04      429.63        56802.10
  261      301.76      431.91        56370.19
  262      299.47      434.20        55935.99
  263      297.16      436.51        55499.48
  264      294.84      438.83        55060.65
  265      292.51      441.16        54619.48
  266      290.17      443.50        54175.98
  267      287.81      445.86        53730.12
  268      285.44      448.23        53281.89
  269      283.06      450.61        52831.28
  270      280.67      453.00        52378.27
  271      278.26      455.41        51922.86
  272      275.84      457.83        51465.03
  273      273.41      460.26        51004.77
  274      270.96      462.71        50542.06
  275      268.50      465.17        50076.89
  276      266.03      467.64        49609.26
  277      263.55      470.12        49139.13
  278      261.05      472.62        48666.51
  279      258.54      475.13        48191.38
  280      256.02      477.65        47713.73
  281      253.48      480.19        47233.54
  282      250.93      482.74        46750.80
  283      248.36      485.31        46265.49
  284      245.79      487.89        45777.60
  285      243.19      490.48        45287.13
  286      240.59      493.08        44794.04
  287      237.97      495.70        44298.34
  288      235.33      498.34        43800.00
  289      232.69      500.98        43299.02
  290      230.03      503.64        42795.37
  291      227.35      506.32        42289.05
  292      224.66      509.01        41780.04
  293      221.96      511.71        41268.33
  294      219.24      514.43        40753.90
  295      216.51      517.17        40236.73
  296      213.76      519.91        39716.82
  297      211.00      522.68        39194.14
  298      208.22      525.45        38668.69
  299      205.43      528.24        38140.45
  300      202.62      531.05        37609.40
  301      199.80      533.87        37075.53
  302      196.96      536.71        36538.82
  303      194.11      539.56        35999.26
  304      191.25      542.42        35456.83
  305      188.36      545.31        34911.53
  306      185.47      548.20        34363.32
  307      182.56      551.12        33812.21
  308      179.63      554.04        33258.16
  309      176.68      556.99        32701.18
  310      173.73      559.95        32141.23
  311      170.75      562.92        31578.31
  312      167.76      565.91        31012.40
  313      164.75      568.92        30443.48
  314      161.73      571.94        29871.54
  315      158.69      574.98        29296.56
  316      155.64      578.03        28718.53
  317      152.57      581.10        28137.43
  318      149.48      584.19        27553.24
  319      146.38      587.29        26965.94
  320      143.26      590.41        26375.53
  321      140.12      593.55        25781.98
  322      136.97      596.70        25185.27
  323      133.80      599.87        24585.40
  324      130.61      603.06        23982.34
  325      127.41      606.26        23376.07
  326      124.19      609.49        22766.59
  327      120.95      612.72        22153.86
  328      117.69      615.98        21537.88
  329      114.42      619.25        20918.63
  330      111.13      622.54        20296.09
  331      107.82      625.85        19670.24
  332      104.50      629.17        19041.07
  333      101.16      632.52        18408.56
  334       97.80      635.88        17772.68
  335       94.42      639.25        17133.43
  336       91.02      642.65        16490.78
  337       87.61      646.06        15844.71
  338       84.18      649.50        15195.22
  339       80.72      652.95        14542.27
  340       77.26      656.42        13885.86
  341       73.77      659.90        13225.95
  342       70.26      663.41        12562.55
  343       66.74      666.93        11895.61
  344       63.20      670.48        11225.14
  345       59.63      674.04        10551.10
  346       56.05      677.62         9873.48
  347       52.45      681.22         9192.26
  348       48.83      684.84         8507.43
  349       45.20      688.48         7818.95
  350       41.54      692.13         7126.82
  351       37.86      695.81         6431.01
  352       34.16      699.51         5731.50
  353       30.45      703.22         5028.28
  354       26.71      706.96         4321.32
  355       22.96      710.71         3610.61
  356       19.18      714.49         2896.12
  357       15.39      718.29         2177.83
  358       11.57      722.10         1455.73
  359        7.73      725.94          729.79
  360        3.88      729.79            0.00

 Total Payments: 264121.56
 Total Interest: 146521.56
  Intrst/Prncpl: 124.59%

##############################################

      Principal: 117600.00
           Term: 360 months
    Annual Rate: 6.375%
  Periodic Rate: 0.0053125

Monthly Payment:   733.67
  Extra Payment:   200.00

   Reduced Term: 231 months (shorter by 129 month(s) = 10 year(s) 9 month(s))
 Total Payments: 208355.57
 Extra Payments:  39000.00
 Total Interest:  90755.57
  Total Savings:  55765.99
  Intrst/Prncpl:  77.17%

##############################################

      Principal: 101000.00
           Term: 240 months
    Annual Rate: 6.375%
  Periodic Rate: 0.0053125

Monthly Payment:   745.61

 Total Payments: 178947.51
 Total Interest:  77947.51
  Intrst/Prncpl:  77.18%

##############################################

      Principal: 101000.00
           Term: 240 months
    Annual Rate: 6.375%
  Periodic Rate: 0.0053125

Monthly Payment:   745.61
  Extra Payment:   200.00

Month     Interest   Principal       Balance
    1      536.56      409.05       100590.95
    2      534.39      411.23       100179.72
    3      532.20      413.41        99766.31
    4      530.01      415.61        99350.71
    5      527.80      417.81        98932.89
    6      525.58      420.03        98512.86
    7      523.35      422.27        98090.59
    8      521.11      424.51        97666.09
    9      518.85      426.76        97239.32
   10      516.58      429.03        96810.29
   11      514.30      431.31        96378.98
   12      512.01      433.60        95945.38
   13      509.71      435.90        95509.48
   14      507.39      438.22        95071.25
   15      505.07      440.55        94630.71
   16      502.73      442.89        94187.82
   17      500.37      445.24        93742.58
   18      498.01      447.61        93294.97
   19      495.63      449.99        92844.98
   20      493.24      452.38        92392.61
   21      490.84      454.78        91937.83
   22      488.42      457.19        91480.63
   23      485.99      459.62        91021.01
   24      483.55      462.07        90558.94
   25      481.09      464.52        90094.42
   26      478.63      466.99        89627.44
   27      476.15      469.47        89157.97
   28      473.65      471.96        88686.00
   29      471.14      474.47        88211.53
   30      468.62      476.99        87734.54
   31      466.09      479.52        87255.02
   32      463.54      482.07        86772.95
   33      460.98      484.63        86288.31
   34      458.41      487.21        85801.10
   35      455.82      489.80        85311.31
   36      453.22      492.40        84818.91
   37      450.60      495.01        84323.90
   38      447.97      497.64        83826.25
   39      445.33      500.29        83325.96
   40      442.67      502.95        82823.02
   41      440.00      505.62        82317.40
   42      437.31      508.30        81809.10
   43      434.61      511.00        81298.09
   44      431.90      513.72        80784.38
   45      429.17      516.45        80267.93
   46      426.42      519.19        79748.74
   47      423.67      521.95        79226.79
   48      420.89      524.72        78702.06
   49      418.10      527.51        78174.55
   50      415.30      530.31        77644.24
   51      412.49      533.13        77111.11
   52      409.65      535.96        76575.15
   53      406.81      538.81        76036.34
   54      403.94      541.67        75494.67
   55      401.07      544.55        74950.12
   56      398.17      547.44        74402.68
   57      395.26      550.35        73852.33
   58      392.34      553.27        73299.05
   59      389.40      556.21        72742.84
   60      386.45      559.17        72183.67
   61      383.48      562.14        71621.53
   62      380.49      565.13        71056.41
   63      377.49      568.13        70488.28
   64      374.47      571.15        69917.14
   65      371.43      574.18        69342.96
   66      368.38      577.23        68765.73
   67      365.32      580.30        68185.43
   68      362.24      583.38        67602.05
   69      359.14      586.48        67015.57
   70      356.02      589.59        66425.98
   71      352.89      592.73        65833.25
   72      349.74      595.88        65237.37
   73      346.57      599.04        64638.33
   74      343.39      602.22        64036.11
   75      340.19      605.42        63430.69
   76      336.98      608.64        62822.05
   77      333.74      611.87        62210.18
   78      330.49      615.12        61595.05
   79      327.22      618.39        60976.66
   80      323.94      621.68        60354.99
   81      320.64      624.98        59730.01
   82      317.32      628.30        59101.71
   83      313.98      631.64        58470.07
   84      310.62      634.99        57835.08
   85      307.25      638.37        57196.71
   86      303.86      641.76        56554.96
   87      300.45      645.17        55909.79
   88      297.02      648.59        55261.19
   89      293.58      652.04        54609.16
   90      290.11      655.50        53953.65
   91      286.63      658.99        53294.67
   92      283.13      662.49        52632.18
   93      279.61      666.01        51966.17
   94      276.07      669.54        51296.63
   95      272.51      673.10        50623.53
   96      268.94      676.68        49946.85
   97      265.34      680.27        49266.58
   98      261.73      683.89        48582.69
   99      258.10      687.52        47895.17
  100      254.44      691.17        47204.00
  101      250.77      694.84        46509.16
  102      247.08      698.53        45810.62
  103      243.37      702.25        45108.38
  104      239.64      705.98        44402.40
  105      235.89      709.73        43692.67
  106      232.12      713.50        42979.18
  107      228.33      717.29        42261.89
  108      224.52      721.10        41540.79
  109      220.69      724.93        40815.86
  110      216.83      728.78        40087.08
  111      212.96      732.65        39354.43
  112      209.07      736.54        38617.89
  113      205.16      740.46        37877.43
  114      201.22      744.39        37133.04
  115      197.27      748.35        36384.69
  116      193.29      752.32        35632.37
  117      189.30      756.32        34876.05
  118      185.28      760.34        34115.72
  119      181.24      764.37        33351.34
  120      177.18      768.44        32582.91
  121      173.10      772.52        31810.39
  122      168.99      776.62        31033.77
  123      164.87      780.75        30253.02
  124      160.72      784.90        29468.12
  125      156.55      789.07        28679.06
  126      152.36      793.26        27885.80
  127      148.14      797.47        27088.33
  128      143.91      801.71        26286.62
  129      139.65      805.97        25480.66
  130      135.37      810.25        24670.41
  131      131.06      814.55        23855.85
  132      126.73      818.88        23036.97
  133      122.38      823.23        22213.74
  134      118.01      827.60        21386.14
  135      113.61      832.00        20554.14
  136      109.19      836.42        19717.72
  137      104.75      840.86        18876.85
  138      100.28      845.33        18031.52
  139       95.79      849.82        17181.70
  140       91.28      854.34        16327.36
  141       86.74      858.88        15468.49
  142       82.18      863.44        14605.05
  143       77.59      868.03        13737.02
  144       72.98      872.64        12864.39
  145       68.34      877.27        11987.11
  146       63.68      881.93        11105.18
  147       59.00      886.62        10218.56
  148       54.29      891.33         9327.23
  149       49.55      896.06         8431.17
  150       44.79      900.82         7530.35
  151       40.00      905.61         6624.74
  152       35.19      910.42         5714.32
  153       30.36      915.26         4799.06
  154       25.50      920.12         3878.94
  155       20.61      925.01         2953.93
  156       15.69      929.92         2024.01
  157       10.75      934.86         1089.15
  158        5.79      939.83          149.32
  159        0.79      149.32            0.00

   Reduced Term: 159 months (shorter by 81 month(s) = 6 year(s) 9 month(s))
 Total Payments: 149557.22
 Extra Payments:  31600.00
 Total Interest:  48557.22
  Total Savings:  29390.29
  Intrst/Prncpl:  48.08%

##############################################

      Principal: 102750.00
           Term: 180 months
    Annual Rate: 4.375%
  Periodic Rate: 0.0036458

Monthly Payment:   779.48

 Total Payments: 140306.83
 Total Interest:  37556.83
  Intrst/Prncpl:  36.55%

##############################################

      Principal: 103550.00
           Term: 180 months
    Annual Rate: 4.250%
  Periodic Rate: 0.0035417

Monthly Payment:   778.98
  Extra Payment:   100.00

   Reduced Term: 178 months (shorter by 2 month(s) = 0 year(s) 2 month(s))
 Total Payments: 139406.14
 Extra Payments:   1300.00
 Total Interest:  35856.14
  Total Savings:    811.03
  Intrst/Prncpl:  34.63%

##############################################

      Principal: 123454.66
           Term: 180 months
    Annual Rate: 3.750%
  Periodic Rate: 0.0031250

Monthly Payment:   897.79

 Total Payments: 161602.20
 Total Interest:  38147.54
  Intrst/Prncpl:  30.90%

##############################################

      Principal: 123454.66
           Term: 180 months
    Annual Rate: 3.750%
  Periodic Rate: 0.0031250

Monthly Payment:   897.79

 Total Payments: 161602.20
 Total Interest:  38147.54
  Intrst/Prncpl:  30.90%

##############################################

      Principal: 123454.66
           Term: 180 months
    Annual Rate: 3.750%
  Periodic Rate: 0.0031250

Monthly Payment:   897.79

 Total Payments: 161602.20
 Total Interest:  38147.54
  Intrst/Prncpl:  30.90%
